<?xml version="1.0" encoding="UTF-8"?>
<!-- Generated by org.testng.reporters.JUnitReportReporter -->
<testsuite skipped="0" hostname="JasmineSitu" name="DriverScript.Driver" tests="1" failures="0" timestamp="20 Nov 2017 17:16:23 GMT" time="48.754" errors="0">
  <testcase name="excuteTest" time="48.754" classname="DriverScript.Driver"/>
</testsuite> <!-- DriverScript.Driver -->
